2023-04-05 19:08:32,162 [Worker-6: Loading available Gradle versions] INFO  o.e.b.c.i.u.g.PublishedGradleVersions - Gradle version information cache is up-to-date. Trying to read.
2023-04-05 19:11:49,663 [Worker-24: Launching mavenrun-3491205c-eddf-421d-b090-ad5738423baa] INFO  o.eclipse.m2e.core.internal.Bundles - getClasspathEntries(Bundle=org.eclipse.m2e.maven.runtime_3.8.604.20221130-2149 [605])
2023-04-05 19:11:49,668 [Worker-24: Launching mavenrun-3491205c-eddf-421d-b090-ad5738423baa] INFO  o.eclipse.m2e.core.internal.Bundles - 	Entry: C:\Users\ssindhuja\.p2\pool\plugins\org.eclipse.m2e.maven.runtime_3.8.604.20221130-2149
2023-04-05 19:11:49,669 [Worker-24: Launching mavenrun-3491205c-eddf-421d-b090-ad5738423baa] INFO  o.eclipse.m2e.core.internal.Bundles - 	Entry: C:\Users\ssindhuja\.p2\pool\plugins\org.eclipse.m2e.maven.runtime_3.8.604.20221130-2149\jars\aether-connector-okhttp-0.17.8.jar
2023-04-05 19:11:49,674 [Worker-24: Launching mavenrun-3491205c-eddf-421d-b090-ad5738423baa] INFO  o.eclipse.m2e.core.internal.Bundles - 	Entry: C:\Users\ssindhuja\.p2\pool\plugins\org.eclipse.m2e.maven.runtime_3.8.604.20221130-2149\jars\commons-cli-1.4.jar
2023-04-05 19:11:49,674 [Worker-24: Launching mavenrun-3491205c-eddf-421d-b090-ad5738423baa] INFO  o.eclipse.m2e.core.internal.Bundles - 	Entry: C:\Users\ssindhuja\.p2\pool\plugins\org.eclipse.m2e.maven.runtime_3.8.604.20221130-2149\jars\commons-io-2.6.jar
2023-04-05 19:11:49,674 [Worker-24: Launching mavenrun-3491205c-eddf-421d-b090-ad5738423baa] INFO  o.eclipse.m2e.core.internal.Bundles - 	Entry: C:\Users\ssindhuja\.p2\pool\plugins\org.eclipse.m2e.maven.runtime_3.8.604.20221130-2149\jars\commons-lang3-3.8.1.jar
2023-04-05 19:11:49,674 [Worker-24: Launching mavenrun-3491205c-eddf-421d-b090-ad5738423baa] INFO  o.eclipse.m2e.core.internal.Bundles - 	Entry: C:\Users\ssindhuja\.p2\pool\plugins\org.eclipse.m2e.maven.runtime_3.8.604.20221130-2149\jars\guice-4.2.2-no_aop.jar
2023-04-05 19:11:49,675 [Worker-24: Launching mavenrun-3491205c-eddf-421d-b090-ad5738423baa] INFO  o.eclipse.m2e.core.internal.Bundles - 	Entry: C:\Users\ssindhuja\.p2\pool\plugins\org.eclipse.m2e.maven.runtime_3.8.604.20221130-2149\jars\jansi-2.4.0.jar
2023-04-05 19:11:49,675 [Worker-24: Launching mavenrun-3491205c-eddf-421d-b090-ad5738423baa] INFO  o.eclipse.m2e.core.internal.Bundles - 	Entry: C:\Users\ssindhuja\.p2\pool\plugins\org.eclipse.m2e.maven.runtime_3.8.604.20221130-2149\jars\maven-artifact-3.8.6.jar
2023-04-05 19:11:49,676 [Worker-24: Launching mavenrun-3491205c-eddf-421d-b090-ad5738423baa] INFO  o.eclipse.m2e.core.internal.Bundles - 	Entry: C:\Users\ssindhuja\.p2\pool\plugins\org.eclipse.m2e.maven.runtime_3.8.604.20221130-2149\jars\maven-builder-support-3.8.6.jar
2023-04-05 19:11:49,676 [Worker-24: Launching mavenrun-3491205c-eddf-421d-b090-ad5738423baa] INFO  o.eclipse.m2e.core.internal.Bundles - 	Entry: C:\Users\ssindhuja\.p2\pool\plugins\org.eclipse.m2e.maven.runtime_3.8.604.20221130-2149\jars\maven-compat-3.8.6.jar
2023-04-05 19:11:49,676 [Worker-24: Launching mavenrun-3491205c-eddf-421d-b090-ad5738423baa] INFO  o.eclipse.m2e.core.internal.Bundles - 	Entry: C:\Users\ssindhuja\.p2\pool\plugins\org.eclipse.m2e.maven.runtime_3.8.604.20221130-2149\jars\maven-core-3.8.6.jar
2023-04-05 19:11:49,676 [Worker-24: Launching mavenrun-3491205c-eddf-421d-b090-ad5738423baa] INFO  o.eclipse.m2e.core.internal.Bundles - 	Entry: C:\Users\ssindhuja\.p2\pool\plugins\org.eclipse.m2e.maven.runtime_3.8.604.20221130-2149\jars\maven-embedder-3.8.6.jar
2023-04-05 19:11:49,676 [Worker-24: Launching mavenrun-3491205c-eddf-421d-b090-ad5738423baa] INFO  o.eclipse.m2e.core.internal.Bundles - 	Entry: C:\Users\ssindhuja\.p2\pool\plugins\org.eclipse.m2e.maven.runtime_3.8.604.20221130-2149\jars\maven-model-3.8.6.jar
2023-04-05 19:11:49,676 [Worker-24: Launching mavenrun-3491205c-eddf-421d-b090-ad5738423baa] INFO  o.eclipse.m2e.core.internal.Bundles - 	Entry: C:\Users\ssindhuja\.p2\pool\plugins\org.eclipse.m2e.maven.runtime_3.8.604.20221130-2149\jars\maven-model-builder-3.8.6.jar
2023-04-05 19:11:49,676 [Worker-24: Launching mavenrun-3491205c-eddf-421d-b090-ad5738423baa] INFO  o.eclipse.m2e.core.internal.Bundles - 	Entry: C:\Users\ssindhuja\.p2\pool\plugins\org.eclipse.m2e.maven.runtime_3.8.604.20221130-2149\jars\maven-plugin-api-3.8.6.jar
2023-04-05 19:11:49,676 [Worker-24: Launching mavenrun-3491205c-eddf-421d-b090-ad5738423baa] INFO  o.eclipse.m2e.core.internal.Bundles - 	Entry: C:\Users\ssindhuja\.p2\pool\plugins\org.eclipse.m2e.maven.runtime_3.8.604.20221130-2149\jars\maven-repository-metadata-3.8.6.jar
2023-04-05 19:11:49,677 [Worker-24: Launching mavenrun-3491205c-eddf-421d-b090-ad5738423baa] INFO  o.eclipse.m2e.core.internal.Bundles - 	Entry: C:\Users\ssindhuja\.p2\pool\plugins\org.eclipse.m2e.maven.runtime_3.8.604.20221130-2149\jars\maven-resolver-api-1.6.3.jar
2023-04-05 19:11:49,677 [Worker-24: Launching mavenrun-3491205c-eddf-421d-b090-ad5738423baa] INFO  o.eclipse.m2e.core.internal.Bundles - 	Entry: C:\Users\ssindhuja\.p2\pool\plugins\org.eclipse.m2e.maven.runtime_3.8.604.20221130-2149\jars\maven-resolver-connector-basic-1.6.3.jar
2023-04-05 19:11:49,677 [Worker-24: Launching mavenrun-3491205c-eddf-421d-b090-ad5738423baa] INFO  o.eclipse.m2e.core.internal.Bundles - 	Entry: C:\Users\ssindhuja\.p2\pool\plugins\org.eclipse.m2e.maven.runtime_3.8.604.20221130-2149\jars\maven-resolver-impl-1.6.3.jar
2023-04-05 19:11:49,677 [Worker-24: Launching mavenrun-3491205c-eddf-421d-b090-ad5738423baa] INFO  o.eclipse.m2e.core.internal.Bundles - 	Entry: C:\Users\ssindhuja\.p2\pool\plugins\org.eclipse.m2e.maven.runtime_3.8.604.20221130-2149\jars\maven-resolver-provider-3.8.6.jar
2023-04-05 19:11:49,677 [Worker-24: Launching mavenrun-3491205c-eddf-421d-b090-ad5738423baa] INFO  o.eclipse.m2e.core.internal.Bundles - 	Entry: C:\Users\ssindhuja\.p2\pool\plugins\org.eclipse.m2e.maven.runtime_3.8.604.20221130-2149\jars\maven-resolver-spi-1.6.3.jar
2023-04-05 19:11:49,678 [Worker-24: Launching mavenrun-3491205c-eddf-421d-b090-ad5738423baa] INFO  o.eclipse.m2e.core.internal.Bundles - 	Entry: C:\Users\ssindhuja\.p2\pool\plugins\org.eclipse.m2e.maven.runtime_3.8.604.20221130-2149\jars\maven-resolver-transport-wagon-1.6.3.jar
2023-04-05 19:11:49,678 [Worker-24: Launching mavenrun-3491205c-eddf-421d-b090-ad5738423baa] INFO  o.eclipse.m2e.core.internal.Bundles - 	Entry: C:\Users\ssindhuja\.p2\pool\plugins\org.eclipse.m2e.maven.runtime_3.8.604.20221130-2149\jars\maven-resolver-util-1.6.3.jar
2023-04-05 19:11:49,678 [Worker-24: Launching mavenrun-3491205c-eddf-421d-b090-ad5738423baa] INFO  o.eclipse.m2e.core.internal.Bundles - 	Entry: C:\Users\ssindhuja\.p2\pool\plugins\org.eclipse.m2e.maven.runtime_3.8.604.20221130-2149\jars\maven-settings-3.8.6.jar
2023-04-05 19:11:49,678 [Worker-24: Launching mavenrun-3491205c-eddf-421d-b090-ad5738423baa] INFO  o.eclipse.m2e.core.internal.Bundles - 	Entry: C:\Users\ssindhuja\.p2\pool\plugins\org.eclipse.m2e.maven.runtime_3.8.604.20221130-2149\jars\maven-settings-builder-3.8.6.jar
2023-04-05 19:11:49,678 [Worker-24: Launching mavenrun-3491205c-eddf-421d-b090-ad5738423baa] INFO  o.eclipse.m2e.core.internal.Bundles - 	Entry: C:\Users\ssindhuja\.p2\pool\plugins\org.eclipse.m2e.maven.runtime_3.8.604.20221130-2149\jars\maven-shared-utils-3.3.4.jar
2023-04-05 19:11:49,678 [Worker-24: Launching mavenrun-3491205c-eddf-421d-b090-ad5738423baa] INFO  o.eclipse.m2e.core.internal.Bundles - 	Entry: C:\Users\ssindhuja\.p2\pool\plugins\org.eclipse.m2e.maven.runtime_3.8.604.20221130-2149\jars\okhttp-3.14.1.jar
2023-04-05 19:11:49,679 [Worker-24: Launching mavenrun-3491205c-eddf-421d-b090-ad5738423baa] INFO  o.eclipse.m2e.core.internal.Bundles - 	Entry: C:\Users\ssindhuja\.p2\pool\plugins\org.eclipse.m2e.maven.runtime_3.8.604.20221130-2149\jars\okio-1.17.3.jar
2023-04-05 19:11:49,679 [Worker-24: Launching mavenrun-3491205c-eddf-421d-b090-ad5738423baa] INFO  o.eclipse.m2e.core.internal.Bundles - 	Entry: C:\Users\ssindhuja\.p2\pool\plugins\org.eclipse.m2e.maven.runtime_3.8.604.20221130-2149\jars\org.eclipse.sisu.inject-0.3.5.jar
2023-04-05 19:11:49,679 [Worker-24: Launching mavenrun-3491205c-eddf-421d-b090-ad5738423baa] INFO  o.eclipse.m2e.core.internal.Bundles - 	Entry: C:\Users\ssindhuja\.p2\pool\plugins\org.eclipse.m2e.maven.runtime_3.8.604.20221130-2149\jars\org.eclipse.sisu.plexus-0.3.5.jar
2023-04-05 19:11:49,680 [Worker-24: Launching mavenrun-3491205c-eddf-421d-b090-ad5738423baa] INFO  o.eclipse.m2e.core.internal.Bundles - 	Entry: C:\Users\ssindhuja\.p2\pool\plugins\org.eclipse.m2e.maven.runtime_3.8.604.20221130-2149\jars\plexus-build-api-0.0.7.jar
2023-04-05 19:11:49,680 [Worker-24: Launching mavenrun-3491205c-eddf-421d-b090-ad5738423baa] INFO  o.eclipse.m2e.core.internal.Bundles - 	Entry: C:\Users\ssindhuja\.p2\pool\plugins\org.eclipse.m2e.maven.runtime_3.8.604.20221130-2149\jars\plexus-cipher-2.0.jar
2023-04-05 19:11:49,681 [Worker-24: Launching mavenrun-3491205c-eddf-421d-b090-ad5738423baa] INFO  o.eclipse.m2e.core.internal.Bundles - 	Entry: C:\Users\ssindhuja\.p2\pool\plugins\org.eclipse.m2e.maven.runtime_3.8.604.20221130-2149\jars\plexus-classworlds-2.6.0.jar
2023-04-05 19:11:49,681 [Worker-24: Launching mavenrun-3491205c-eddf-421d-b090-ad5738423baa] INFO  o.eclipse.m2e.core.internal.Bundles - 	Entry: C:\Users\ssindhuja\.p2\pool\plugins\org.eclipse.m2e.maven.runtime_3.8.604.20221130-2149\jars\plexus-component-annotations-2.1.0.jar
2023-04-05 19:11:49,681 [Worker-24: Launching mavenrun-3491205c-eddf-421d-b090-ad5738423baa] INFO  o.eclipse.m2e.core.internal.Bundles - 	Entry: C:\Users\ssindhuja\.p2\pool\plugins\org.eclipse.m2e.maven.runtime_3.8.604.20221130-2149\jars\plexus-interpolation-1.26.jar
2023-04-05 19:11:49,681 [Worker-24: Launching mavenrun-3491205c-eddf-421d-b090-ad5738423baa] INFO  o.eclipse.m2e.core.internal.Bundles - 	Entry: C:\Users\ssindhuja\.p2\pool\plugins\org.eclipse.m2e.maven.runtime_3.8.604.20221130-2149\jars\plexus-sec-dispatcher-2.0.jar
2023-04-05 19:11:49,681 [Worker-24: Launching mavenrun-3491205c-eddf-421d-b090-ad5738423baa] INFO  o.eclipse.m2e.core.internal.Bundles - 	Entry: C:\Users\ssindhuja\.p2\pool\plugins\org.eclipse.m2e.maven.runtime_3.8.604.20221130-2149\jars\plexus-utils-3.3.1.jar
2023-04-05 19:11:49,681 [Worker-24: Launching mavenrun-3491205c-eddf-421d-b090-ad5738423baa] INFO  o.eclipse.m2e.core.internal.Bundles - 	Entry: C:\Users\ssindhuja\.p2\pool\plugins\org.eclipse.m2e.maven.runtime_3.8.604.20221130-2149\jars\wagon-file-3.5.1.jar
2023-04-05 19:11:49,682 [Worker-24: Launching mavenrun-3491205c-eddf-421d-b090-ad5738423baa] INFO  o.eclipse.m2e.core.internal.Bundles - 	Entry: C:\Users\ssindhuja\.p2\pool\plugins\org.eclipse.m2e.maven.runtime_3.8.604.20221130-2149\jars\wagon-provider-api-3.5.1.jar
2023-04-05 19:11:49,683 [Worker-24: Launching mavenrun-3491205c-eddf-421d-b090-ad5738423baa] INFO  o.eclipse.m2e.core.internal.Bundles - getClasspathEntries(Bundle=com.google.guava_30.1.0.v20221112-0806 [10])
2023-04-05 19:11:49,684 [Worker-24: Launching mavenrun-3491205c-eddf-421d-b090-ad5738423baa] INFO  o.eclipse.m2e.core.internal.Bundles - 	Entry: C:\Users\ssindhuja\.p2\pool\plugins\com.google.guava_30.1.0.v20221112-0806.jar
2023-04-05 19:11:49,684 [Worker-24: Launching mavenrun-3491205c-eddf-421d-b090-ad5738423baa] INFO  o.eclipse.m2e.core.internal.Bundles - getClasspathEntries(Bundle=slf4j.api_1.7.36 [917])
2023-04-05 19:11:49,685 [Worker-24: Launching mavenrun-3491205c-eddf-421d-b090-ad5738423baa] INFO  o.eclipse.m2e.core.internal.Bundles - 	Entry: C:\Users\ssindhuja\.p2\pool\plugins\slf4j.api_1.7.36.jar
2023-04-05 19:11:49,685 [Worker-24: Launching mavenrun-3491205c-eddf-421d-b090-ad5738423baa] INFO  o.eclipse.m2e.core.internal.Bundles - getClasspathEntries(Bundle=javax.inject_1.0.0.v20220405-0441 [32])
2023-04-05 19:11:49,686 [Worker-24: Launching mavenrun-3491205c-eddf-421d-b090-ad5738423baa] INFO  o.eclipse.m2e.core.internal.Bundles - 	Entry: C:\Users\ssindhuja\.p2\pool\plugins\javax.inject_1.0.0.v20220405-0441.jar
2023-04-05 19:11:49,686 [Worker-24: Launching mavenrun-3491205c-eddf-421d-b090-ad5738423baa] INFO  o.eclipse.m2e.core.internal.Bundles - getClasspathEntries(Bundle=javax.annotation_1.3.5.v20221112-0806 [30])
2023-04-05 19:11:49,687 [Worker-24: Launching mavenrun-3491205c-eddf-421d-b090-ad5738423baa] INFO  o.eclipse.m2e.core.internal.Bundles - 	Entry: C:\Users\ssindhuja\.p2\pool\plugins\javax.annotation_1.3.5.v20221112-0806.jar
2023-04-05 19:11:49,693 [Worker-24: Launching mavenrun-3491205c-eddf-421d-b090-ad5738423baa] INFO  o.e.m.i.launch.MavenLaunchDelegate - Run build in "C:\Users\SSINDH~1\AppData\Local\Temp\m2e-archetypeGenerator10720698527103610839":
2023-04-05 19:11:49,696 [Worker-24: Launching mavenrun-3491205c-eddf-421d-b090-ad5738423baa] INFO  o.e.m.i.launch.MavenLaunchDelegate -  mvn  -DarchetypeGroupId=org.apache.maven.archetypes -DarchetypeArtifactId=maven-archetype-quickstart -DarchetypeVersion=1.4 -DgroupId=com.examples -DartifactId=S01JunitDemos -Dversion=0.0.1-SNAPSHOT -Dpackage=com.examples.S01JunitDemos -DoutputDirectory=C:\Users\ssindhuja\Desktop\javafsd\Junitdemos -Dstyle.color=always -U archetype:generate
2023-04-05 19:12:00,592 [Worker-23: Creating maven-archetype-quickstart] INFO  o.e.m.c.i.p.ProjectConfigurationManager - Collecting project info '/pom.xml' C:\Users\ssindhuja\Desktop\javafsd\Junitdemos\S01JunitDemos\pom.xml
2023-04-05 19:12:01,614 [Worker-23: Creating maven-archetype-quickstart] INFO  o.e.m.c.i.l.LifecycleMappingFactory - Using org.eclipse.m2e.jdt.JarLifecycleMapping lifecycle mapping for MavenProject: com.examples:S01JunitDemos:0.0.1-SNAPSHOT @ C:\Users\ssindhuja\Desktop\javafsd\Junitdemos\S01JunitDemos\pom.xml.
2023-04-05 19:12:02,423 [Worker-23: Creating maven-archetype-quickstart] INFO  o.e.m.j.i.AbstractJavaProjectConfigurator - Adding source folder /S01JunitDemos/src/main/java
2023-04-05 19:12:02,430 [Worker-23: Creating maven-archetype-quickstart] INFO  o.e.m.j.i.AbstractJavaProjectConfigurator - Adding source folder /S01JunitDemos/src/test/java
2023-04-05 19:12:02,589 [Worker-23: Creating maven-archetype-quickstart] INFO  o.e.m.c.i.p.ProjectConfigurationManager - Imported and configured 1 project(s) in 1 sec
2023-04-05 19:12:03,862 [Worker-23: Building] INFO  o.e.m.c.i.embedder.EclipseLogger - Using 'UTF-8' encoding to copy filtered resources.
2023-04-05 19:12:03,863 [Worker-23: Building] INFO  o.e.m.c.i.embedder.EclipseLogger - skip non existing resourceDirectory C:\Users\ssindhuja\Desktop\javafsd\Junitdemos\S01JunitDemos\src\main\resources
2023-04-05 19:12:03,867 [Worker-23: Building] INFO  o.e.m.c.i.embedder.EclipseLogger - Using 'UTF-8' encoding to copy filtered resources.
2023-04-05 19:12:03,867 [Worker-23: Building] INFO  o.e.m.c.i.embedder.EclipseLogger - skip non existing resourceDirectory C:\Users\ssindhuja\Desktop\javafsd\Junitdemos\S01JunitDemos\src\test\resources
2023-04-05 19:12:31,132 [Worker-24: Building] INFO  o.e.m.c.i.embedder.EclipseLogger - Using 'UTF-8' encoding to copy filtered resources.
2023-04-05 19:12:31,132 [Worker-24: Building] INFO  o.e.m.c.i.embedder.EclipseLogger - skip non existing resourceDirectory C:\Users\ssindhuja\Desktop\javafsd\Junitdemos\S01JunitDemos\src\main\resources
2023-04-05 19:12:31,135 [Worker-24: Building] INFO  o.e.m.c.i.embedder.EclipseLogger - Using 'UTF-8' encoding to copy filtered resources.
2023-04-05 19:12:31,135 [Worker-24: Building] INFO  o.e.m.c.i.embedder.EclipseLogger - skip non existing resourceDirectory C:\Users\ssindhuja\Desktop\javafsd\Junitdemos\S01JunitDemos\src\test\resources
2023-04-05 19:12:50,245 [Worker-19: Building] INFO  o.e.m.c.i.embedder.EclipseLogger - Using 'UTF-8' encoding to copy filtered resources.
2023-04-05 19:12:50,246 [Worker-19: Building] INFO  o.e.m.c.i.embedder.EclipseLogger - skip non existing resourceDirectory C:\Users\ssindhuja\Desktop\javafsd\Junitdemos\S01JunitDemos\src\main\resources
2023-04-05 19:12:50,250 [Worker-19: Building] INFO  o.e.m.c.i.embedder.EclipseLogger - Using 'UTF-8' encoding to copy filtered resources.
2023-04-05 19:12:50,250 [Worker-19: Building] INFO  o.e.m.c.i.embedder.EclipseLogger - skip non existing resourceDirectory C:\Users\ssindhuja\Desktop\javafsd\Junitdemos\S01JunitDemos\src\test\resources
2023-04-05 19:12:51,317 [Worker-24: Building] INFO  o.e.m.c.i.embedder.EclipseLogger - Using 'UTF-8' encoding to copy filtered resources.
2023-04-05 19:12:51,318 [Worker-24: Building] INFO  o.e.m.c.i.embedder.EclipseLogger - skip non existing resourceDirectory C:\Users\ssindhuja\Desktop\javafsd\Junitdemos\S01JunitDemos\src\main\resources
2023-04-05 19:12:51,322 [Worker-24: Building] INFO  o.e.m.c.i.embedder.EclipseLogger - Using 'UTF-8' encoding to copy filtered resources.
2023-04-05 19:12:51,323 [Worker-24: Building] INFO  o.e.m.c.i.embedder.EclipseLogger - skip non existing resourceDirectory C:\Users\ssindhuja\Desktop\javafsd\Junitdemos\S01JunitDemos\src\test\resources
2023-04-05 19:13:13,426 [Worker-19: Building] INFO  o.e.m.c.i.embedder.EclipseLogger - Using 'UTF-8' encoding to copy filtered resources.
2023-04-05 19:13:13,427 [Worker-19: Building] INFO  o.e.m.c.i.embedder.EclipseLogger - skip non existing resourceDirectory C:\Users\ssindhuja\Desktop\javafsd\Junitdemos\S01JunitDemos\src\main\resources
2023-04-05 19:13:13,435 [Worker-19: Building] INFO  o.e.m.c.i.embedder.EclipseLogger - Using 'UTF-8' encoding to copy filtered resources.
2023-04-05 19:13:13,436 [Worker-19: Building] INFO  o.e.m.c.i.embedder.EclipseLogger - skip non existing resourceDirectory C:\Users\ssindhuja\Desktop\javafsd\Junitdemos\S01JunitDemos\src\test\resources
2023-04-05 19:26:23,324 [Worker-28: Building] INFO  o.e.m.c.i.embedder.EclipseLogger - Using 'UTF-8' encoding to copy filtered resources.
2023-04-05 19:26:23,324 [Worker-28: Building] INFO  o.e.m.c.i.embedder.EclipseLogger - skip non existing resourceDirectory C:\Users\ssindhuja\Desktop\javafsd\Junitdemos\S01JunitDemos\src\main\resources
2023-04-05 19:26:23,327 [Worker-28: Building] INFO  o.e.m.c.i.embedder.EclipseLogger - Using 'UTF-8' encoding to copy filtered resources.
2023-04-05 19:26:23,328 [Worker-28: Building] INFO  o.e.m.c.i.embedder.EclipseLogger - skip non existing resourceDirectory C:\Users\ssindhuja\Desktop\javafsd\Junitdemos\S01JunitDemos\src\test\resources
2023-04-05 19:28:27,022 [Worker-25: Building] INFO  o.e.m.c.i.embedder.EclipseLogger - Using 'UTF-8' encoding to copy filtered resources.
2023-04-05 19:28:27,022 [Worker-25: Building] INFO  o.e.m.c.i.embedder.EclipseLogger - skip non existing resourceDirectory C:\Users\ssindhuja\Desktop\javafsd\Junitdemos\S01JunitDemos\src\main\resources
2023-04-05 19:28:27,024 [Worker-25: Building] INFO  o.e.m.c.i.embedder.EclipseLogger - Using 'UTF-8' encoding to copy filtered resources.
2023-04-05 19:28:27,024 [Worker-25: Building] INFO  o.e.m.c.i.embedder.EclipseLogger - skip non existing resourceDirectory C:\Users\ssindhuja\Desktop\javafsd\Junitdemos\S01JunitDemos\src\test\resources
2023-04-05 19:33:47,003 [Worker-25: Launching New_configuration (1)] INFO  o.e.m.c.i.embedder.EclipseLogger - Using 'UTF-8' encoding to copy filtered resources.
2023-04-05 19:33:47,004 [Worker-25: Launching New_configuration (1)] INFO  o.e.m.c.i.embedder.EclipseLogger - skip non existing resourceDirectory C:\Users\ssindhuja\Desktop\javafsd\Junitdemos\S01JunitDemos\src\main\resources
2023-04-05 19:33:47,008 [Worker-25: Launching New_configuration (1)] INFO  o.e.m.c.i.embedder.EclipseLogger - Using 'UTF-8' encoding to copy filtered resources.
2023-04-05 19:33:47,008 [Worker-25: Launching New_configuration (1)] INFO  o.e.m.c.i.embedder.EclipseLogger - skip non existing resourceDirectory C:\Users\ssindhuja\Desktop\javafsd\Junitdemos\S01JunitDemos\src\test\resources
2023-04-05 19:34:24,940 [Worker-30: Building] INFO  o.e.m.c.i.embedder.EclipseLogger - Using 'UTF-8' encoding to copy filtered resources.
2023-04-05 19:34:24,940 [Worker-30: Building] INFO  o.e.m.c.i.embedder.EclipseLogger - skip non existing resourceDirectory C:\Users\ssindhuja\Desktop\javafsd\Junitdemos\S01JunitDemos\src\main\resources
2023-04-05 19:34:24,942 [Worker-30: Building] INFO  o.e.m.c.i.embedder.EclipseLogger - Using 'UTF-8' encoding to copy filtered resources.
2023-04-05 19:34:24,942 [Worker-30: Building] INFO  o.e.m.c.i.embedder.EclipseLogger - skip non existing resourceDirectory C:\Users\ssindhuja\Desktop\javafsd\Junitdemos\S01JunitDemos\src\test\resources
2023-04-05 19:41:44,769 [Worker-34: Building] INFO  o.e.m.c.i.embedder.EclipseLogger - Using 'UTF-8' encoding to copy filtered resources.
2023-04-05 19:41:44,769 [Worker-34: Building] INFO  o.e.m.c.i.embedder.EclipseLogger - skip non existing resourceDirectory C:\Users\ssindhuja\Desktop\javafsd\Junitdemos\S01JunitDemos\src\main\resources
2023-04-05 19:41:44,771 [Worker-34: Building] INFO  o.e.m.c.i.embedder.EclipseLogger - Using 'UTF-8' encoding to copy filtered resources.
2023-04-05 19:41:44,771 [Worker-34: Building] INFO  o.e.m.c.i.embedder.EclipseLogger - skip non existing resourceDirectory C:\Users\ssindhuja\Desktop\javafsd\Junitdemos\S01JunitDemos\src\test\resources
2023-04-05 19:42:29,397 [Worker-38: Building] INFO  o.e.m.c.i.l.LifecycleMappingFactory - Using org.eclipse.m2e.jdt.JarLifecycleMapping lifecycle mapping for MavenProject: com.examples:S01JunitDemos:0.0.1-SNAPSHOT @ C:\Users\ssindhuja\Desktop\javafsd\Junitdemos\S01JunitDemos\pom.xml.
2023-04-05 19:42:29,563 [Worker-38: Building] INFO  o.e.m.c.i.embedder.EclipseLogger - Using 'UTF-8' encoding to copy filtered resources.
2023-04-05 19:42:29,563 [Worker-38: Building] INFO  o.e.m.c.i.embedder.EclipseLogger - skip non existing resourceDirectory C:\Users\ssindhuja\Desktop\javafsd\Junitdemos\S01JunitDemos\src\main\resources
2023-04-05 19:42:29,567 [Worker-38: Building] INFO  o.e.m.c.i.embedder.EclipseLogger - Using 'UTF-8' encoding to copy filtered resources.
2023-04-05 19:42:29,567 [Worker-38: Building] INFO  o.e.m.c.i.embedder.EclipseLogger - skip non existing resourceDirectory C:\Users\ssindhuja\Desktop\javafsd\Junitdemos\S01JunitDemos\src\test\resources
2023-04-05 19:42:30,975 [Worker-37: Building] INFO  o.e.m.c.i.embedder.EclipseLogger - Using 'UTF-8' encoding to copy filtered resources.
2023-04-05 19:42:30,975 [Worker-37: Building] INFO  o.e.m.c.i.embedder.EclipseLogger - skip non existing resourceDirectory C:\Users\ssindhuja\Desktop\javafsd\Junitdemos\S01JunitDemos\src\main\resources
2023-04-05 19:42:30,977 [Worker-37: Building] INFO  o.e.m.c.i.embedder.EclipseLogger - Using 'UTF-8' encoding to copy filtered resources.
2023-04-05 19:42:30,977 [Worker-37: Building] INFO  o.e.m.c.i.embedder.EclipseLogger - skip non existing resourceDirectory C:\Users\ssindhuja\Desktop\javafsd\Junitdemos\S01JunitDemos\src\test\resources
2023-04-05 19:42:49,875 [Worker-38: Building] INFO  o.e.m.c.i.l.LifecycleMappingFactory - Using org.eclipse.m2e.jdt.JarLifecycleMapping lifecycle mapping for MavenProject: com.examples:S01JunitDemos:0.0.1-SNAPSHOT @ C:\Users\ssindhuja\Desktop\javafsd\Junitdemos\S01JunitDemos\pom.xml.
2023-04-05 19:42:50,019 [Worker-38: Building] INFO  o.e.m.c.i.embedder.EclipseLogger - Using 'UTF-8' encoding to copy filtered resources.
2023-04-05 19:42:50,019 [Worker-38: Building] INFO  o.e.m.c.i.embedder.EclipseLogger - skip non existing resourceDirectory C:\Users\ssindhuja\Desktop\javafsd\Junitdemos\S01JunitDemos\src\main\resources
2023-04-05 19:42:50,022 [Worker-38: Building] INFO  o.e.m.c.i.embedder.EclipseLogger - Using 'UTF-8' encoding to copy filtered resources.
2023-04-05 19:42:50,022 [Worker-38: Building] INFO  o.e.m.c.i.embedder.EclipseLogger - skip non existing resourceDirectory C:\Users\ssindhuja\Desktop\javafsd\Junitdemos\S01JunitDemos\src\test\resources
2023-04-05 19:42:51,303 [Worker-37: Building] INFO  o.e.m.c.i.embedder.EclipseLogger - Using 'UTF-8' encoding to copy filtered resources.
2023-04-05 19:42:51,303 [Worker-37: Building] INFO  o.e.m.c.i.embedder.EclipseLogger - skip non existing resourceDirectory C:\Users\ssindhuja\Desktop\javafsd\Junitdemos\S01JunitDemos\src\main\resources
2023-04-05 19:42:51,305 [Worker-37: Building] INFO  o.e.m.c.i.embedder.EclipseLogger - Using 'UTF-8' encoding to copy filtered resources.
2023-04-05 19:42:51,305 [Worker-37: Building] INFO  o.e.m.c.i.embedder.EclipseLogger - skip non existing resourceDirectory C:\Users\ssindhuja\Desktop\javafsd\Junitdemos\S01JunitDemos\src\test\resources
2023-04-05 19:44:09,426 [Worker-37: Building] INFO  o.e.m.c.i.embedder.EclipseLogger - Using 'UTF-8' encoding to copy filtered resources.
2023-04-05 19:44:09,426 [Worker-37: Building] INFO  o.e.m.c.i.embedder.EclipseLogger - skip non existing resourceDirectory C:\Users\ssindhuja\Desktop\javafsd\Junitdemos\S01JunitDemos\src\main\resources
2023-04-05 19:44:09,428 [Worker-37: Building] INFO  o.e.m.c.i.embedder.EclipseLogger - Using 'UTF-8' encoding to copy filtered resources.
2023-04-05 19:44:09,428 [Worker-37: Building] INFO  o.e.m.c.i.embedder.EclipseLogger - skip non existing resourceDirectory C:\Users\ssindhuja\Desktop\javafsd\Junitdemos\S01JunitDemos\src\test\resources
2023-04-05 19:51:06,538 [Worker-41: Building] INFO  o.e.m.c.i.l.LifecycleMappingFactory - Using org.eclipse.m2e.jdt.JarLifecycleMapping lifecycle mapping for MavenProject: com.examples:S01JunitDemos:0.0.1-SNAPSHOT @ C:\Users\ssindhuja\Desktop\javafsd\Junitdemos\S01JunitDemos\pom.xml.
2023-04-05 19:51:06,694 [Worker-41: Building] INFO  o.e.m.c.i.embedder.EclipseLogger - Using 'UTF-8' encoding to copy filtered resources.
2023-04-05 19:51:06,694 [Worker-41: Building] INFO  o.e.m.c.i.embedder.EclipseLogger - skip non existing resourceDirectory C:\Users\ssindhuja\Desktop\javafsd\Junitdemos\S01JunitDemos\src\main\resources
2023-04-05 19:51:06,697 [Worker-41: Building] INFO  o.e.m.c.i.embedder.EclipseLogger - Using 'UTF-8' encoding to copy filtered resources.
2023-04-05 19:51:06,697 [Worker-41: Building] INFO  o.e.m.c.i.embedder.EclipseLogger - skip non existing resourceDirectory C:\Users\ssindhuja\Desktop\javafsd\Junitdemos\S01JunitDemos\src\test\resources
2023-04-05 19:51:08,096 [Worker-42: Building] INFO  o.e.m.c.i.embedder.EclipseLogger - Using 'UTF-8' encoding to copy filtered resources.
2023-04-05 19:51:08,097 [Worker-42: Building] INFO  o.e.m.c.i.embedder.EclipseLogger - skip non existing resourceDirectory C:\Users\ssindhuja\Desktop\javafsd\Junitdemos\S01JunitDemos\src\main\resources
2023-04-05 19:51:08,103 [Worker-42: Building] INFO  o.e.m.c.i.embedder.EclipseLogger - Using 'UTF-8' encoding to copy filtered resources.
2023-04-05 19:51:08,103 [Worker-42: Building] INFO  o.e.m.c.i.embedder.EclipseLogger - skip non existing resourceDirectory C:\Users\ssindhuja\Desktop\javafsd\Junitdemos\S01JunitDemos\src\test\resources
2023-04-05 19:51:43,612 [Worker-41: Building] INFO  o.e.m.c.i.embedder.EclipseLogger - Using 'UTF-8' encoding to copy filtered resources.
2023-04-05 19:51:43,613 [Worker-41: Building] INFO  o.e.m.c.i.embedder.EclipseLogger - skip non existing resourceDirectory C:\Users\ssindhuja\Desktop\javafsd\Junitdemos\S01JunitDemos\src\main\resources
2023-04-05 19:51:43,615 [Worker-41: Building] INFO  o.e.m.c.i.embedder.EclipseLogger - Using 'UTF-8' encoding to copy filtered resources.
2023-04-05 19:51:43,616 [Worker-41: Building] INFO  o.e.m.c.i.embedder.EclipseLogger - skip non existing resourceDirectory C:\Users\ssindhuja\Desktop\javafsd\Junitdemos\S01JunitDemos\src\test\resources
2023-04-05 19:52:18,885 [Worker-43: Building] INFO  o.e.m.c.i.embedder.EclipseLogger - Using 'UTF-8' encoding to copy filtered resources.
2023-04-05 19:52:18,885 [Worker-43: Building] INFO  o.e.m.c.i.embedder.EclipseLogger - skip non existing resourceDirectory C:\Users\ssindhuja\Desktop\javafsd\Junitdemos\S01JunitDemos\src\main\resources
2023-04-05 19:52:18,887 [Worker-43: Building] INFO  o.e.m.c.i.embedder.EclipseLogger - Using 'UTF-8' encoding to copy filtered resources.
2023-04-05 19:52:18,887 [Worker-43: Building] INFO  o.e.m.c.i.embedder.EclipseLogger - skip non existing resourceDirectory C:\Users\ssindhuja\Desktop\javafsd\Junitdemos\S01JunitDemos\src\test\resources
2023-04-05 19:52:52,567 [Worker-43: Building] INFO  o.e.m.c.i.embedder.EclipseLogger - Using 'UTF-8' encoding to copy filtered resources.
2023-04-05 19:52:52,568 [Worker-43: Building] INFO  o.e.m.c.i.embedder.EclipseLogger - skip non existing resourceDirectory C:\Users\ssindhuja\Desktop\javafsd\Junitdemos\S01JunitDemos\src\main\resources
2023-04-05 19:52:52,569 [Worker-43: Building] INFO  o.e.m.c.i.embedder.EclipseLogger - Using 'UTF-8' encoding to copy filtered resources.
2023-04-05 19:52:52,569 [Worker-43: Building] INFO  o.e.m.c.i.embedder.EclipseLogger - skip non existing resourceDirectory C:\Users\ssindhuja\Desktop\javafsd\Junitdemos\S01JunitDemos\src\test\resources
2023-04-05 19:52:59,038 [Worker-42: Building] INFO  o.e.m.c.i.embedder.EclipseLogger - Using 'UTF-8' encoding to copy filtered resources.
2023-04-05 19:52:59,039 [Worker-42: Building] INFO  o.e.m.c.i.embedder.EclipseLogger - skip non existing resourceDirectory C:\Users\ssindhuja\Desktop\javafsd\Junitdemos\S01JunitDemos\src\main\resources
2023-04-05 19:52:59,046 [Worker-42: Building] INFO  o.e.m.c.i.embedder.EclipseLogger - Using 'UTF-8' encoding to copy filtered resources.
2023-04-05 19:52:59,047 [Worker-42: Building] INFO  o.e.m.c.i.embedder.EclipseLogger - skip non existing resourceDirectory C:\Users\ssindhuja\Desktop\javafsd\Junitdemos\S01JunitDemos\src\test\resources
2023-04-05 19:53:23,388 [Worker-43: Building] INFO  o.e.m.c.i.embedder.EclipseLogger - Using 'UTF-8' encoding to copy filtered resources.
2023-04-05 19:53:23,388 [Worker-43: Building] INFO  o.e.m.c.i.embedder.EclipseLogger - skip non existing resourceDirectory C:\Users\ssindhuja\Desktop\javafsd\Junitdemos\S01JunitDemos\src\main\resources
2023-04-05 19:53:23,390 [Worker-43: Building] INFO  o.e.m.c.i.embedder.EclipseLogger - Using 'UTF-8' encoding to copy filtered resources.
2023-04-05 19:53:23,390 [Worker-43: Building] INFO  o.e.m.c.i.embedder.EclipseLogger - skip non existing resourceDirectory C:\Users\ssindhuja\Desktop\javafsd\Junitdemos\S01JunitDemos\src\test\resources
2023-04-05 19:54:02,166 [Worker-42: Building] INFO  o.e.m.c.i.embedder.EclipseLogger - Using 'UTF-8' encoding to copy filtered resources.
2023-04-05 19:54:02,166 [Worker-42: Building] INFO  o.e.m.c.i.embedder.EclipseLogger - skip non existing resourceDirectory C:\Users\ssindhuja\Desktop\javafsd\Junitdemos\S01JunitDemos\src\main\resources
2023-04-05 19:54:02,168 [Worker-42: Building] INFO  o.e.m.c.i.embedder.EclipseLogger - Using 'UTF-8' encoding to copy filtered resources.
2023-04-05 19:54:02,168 [Worker-42: Building] INFO  o.e.m.c.i.embedder.EclipseLogger - skip non existing resourceDirectory C:\Users\ssindhuja\Desktop\javafsd\Junitdemos\S01JunitDemos\src\test\resources
2023-04-05 19:54:31,947 [Worker-40: Building] INFO  o.e.m.c.i.embedder.EclipseLogger - Using 'UTF-8' encoding to copy filtered resources.
2023-04-05 19:54:31,947 [Worker-40: Building] INFO  o.e.m.c.i.embedder.EclipseLogger - skip non existing resourceDirectory C:\Users\ssindhuja\Desktop\javafsd\Junitdemos\S01JunitDemos\src\main\resources
2023-04-05 19:54:31,949 [Worker-40: Building] INFO  o.e.m.c.i.embedder.EclipseLogger - Using 'UTF-8' encoding to copy filtered resources.
2023-04-05 19:54:31,949 [Worker-40: Building] INFO  o.e.m.c.i.embedder.EclipseLogger - skip non existing resourceDirectory C:\Users\ssindhuja\Desktop\javafsd\Junitdemos\S01JunitDemos\src\test\resources
2023-04-05 19:54:47,873 [Worker-38: Building] INFO  o.e.m.c.i.embedder.EclipseLogger - Using 'UTF-8' encoding to copy filtered resources.
2023-04-05 19:54:47,873 [Worker-38: Building] INFO  o.e.m.c.i.embedder.EclipseLogger - skip non existing resourceDirectory C:\Users\ssindhuja\Desktop\javafsd\Junitdemos\S01JunitDemos\src\main\resources
2023-04-05 19:54:47,873 [Worker-38: Building] INFO  o.e.m.c.i.embedder.EclipseLogger - Using 'UTF-8' encoding to copy filtered resources.
2023-04-05 19:54:47,873 [Worker-38: Building] INFO  o.e.m.c.i.embedder.EclipseLogger - skip non existing resourceDirectory C:\Users\ssindhuja\Desktop\javafsd\Junitdemos\S01JunitDemos\src\test\resources
2023-04-05 19:55:34,939 [Worker-40: Building] INFO  o.e.m.c.i.embedder.EclipseLogger - Using 'UTF-8' encoding to copy filtered resources.
2023-04-05 19:55:34,939 [Worker-40: Building] INFO  o.e.m.c.i.embedder.EclipseLogger - skip non existing resourceDirectory C:\Users\ssindhuja\Desktop\javafsd\Junitdemos\S01JunitDemos\src\main\resources
2023-04-05 19:55:34,941 [Worker-40: Building] INFO  o.e.m.c.i.embedder.EclipseLogger - Using 'UTF-8' encoding to copy filtered resources.
2023-04-05 19:55:34,941 [Worker-40: Building] INFO  o.e.m.c.i.embedder.EclipseLogger - skip non existing resourceDirectory C:\Users\ssindhuja\Desktop\javafsd\Junitdemos\S01JunitDemos\src\test\resources
2023-04-05 19:56:24,888 [Worker-44: Building] INFO  o.e.m.c.i.embedder.EclipseLogger - Using 'UTF-8' encoding to copy filtered resources.
2023-04-05 19:56:24,888 [Worker-44: Building] INFO  o.e.m.c.i.embedder.EclipseLogger - skip non existing resourceDirectory C:\Users\ssindhuja\Desktop\javafsd\Junitdemos\S01JunitDemos\src\main\resources
2023-04-05 19:56:24,889 [Worker-44: Building] INFO  o.e.m.c.i.embedder.EclipseLogger - Using 'UTF-8' encoding to copy filtered resources.
2023-04-05 19:56:24,890 [Worker-44: Building] INFO  o.e.m.c.i.embedder.EclipseLogger - skip non existing resourceDirectory C:\Users\ssindhuja\Desktop\javafsd\Junitdemos\S01JunitDemos\src\test\resources
2023-04-05 19:56:34,803 [Worker-43: Building] INFO  o.e.m.c.i.embedder.EclipseLogger - Using 'UTF-8' encoding to copy filtered resources.
2023-04-05 19:56:34,803 [Worker-43: Building] INFO  o.e.m.c.i.embedder.EclipseLogger - skip non existing resourceDirectory C:\Users\ssindhuja\Desktop\javafsd\Junitdemos\S01JunitDemos\src\main\resources
2023-04-05 19:56:34,804 [Worker-43: Building] INFO  o.e.m.c.i.embedder.EclipseLogger - Using 'UTF-8' encoding to copy filtered resources.
2023-04-05 19:56:34,805 [Worker-43: Building] INFO  o.e.m.c.i.embedder.EclipseLogger - skip non existing resourceDirectory C:\Users\ssindhuja\Desktop\javafsd\Junitdemos\S01JunitDemos\src\test\resources
2023-04-05 19:57:05,972 [Worker-44: Building] INFO  o.e.m.c.i.embedder.EclipseLogger - Using 'UTF-8' encoding to copy filtered resources.
2023-04-05 19:57:05,973 [Worker-44: Building] INFO  o.e.m.c.i.embedder.EclipseLogger - skip non existing resourceDirectory C:\Users\ssindhuja\Desktop\javafsd\Junitdemos\S01JunitDemos\src\main\resources
2023-04-05 19:57:05,974 [Worker-44: Building] INFO  o.e.m.c.i.embedder.EclipseLogger - Using 'UTF-8' encoding to copy filtered resources.
2023-04-05 19:57:05,974 [Worker-44: Building] INFO  o.e.m.c.i.embedder.EclipseLogger - skip non existing resourceDirectory C:\Users\ssindhuja\Desktop\javafsd\Junitdemos\S01JunitDemos\src\test\resources
2023-04-05 20:24:11,416 [Worker-43: Building] INFO  o.e.m.c.i.embedder.EclipseLogger - Using 'UTF-8' encoding to copy filtered resources.
2023-04-05 20:24:11,416 [Worker-43: Building] INFO  o.e.m.c.i.embedder.EclipseLogger - skip non existing resourceDirectory C:\Users\ssindhuja\Desktop\javafsd\Junitdemos\S01JunitDemos\src\main\resources
2023-04-05 20:24:11,418 [Worker-43: Building] INFO  o.e.m.c.i.embedder.EclipseLogger - Using 'UTF-8' encoding to copy filtered resources.
2023-04-05 20:24:11,418 [Worker-43: Building] INFO  o.e.m.c.i.embedder.EclipseLogger - skip non existing resourceDirectory C:\Users\ssindhuja\Desktop\javafsd\Junitdemos\S01JunitDemos\src\test\resources
2023-04-05 20:24:37,579 [Worker-46: Building] INFO  o.e.m.c.i.embedder.EclipseLogger - Using 'UTF-8' encoding to copy filtered resources.
2023-04-05 20:24:37,580 [Worker-46: Building] INFO  o.e.m.c.i.embedder.EclipseLogger - skip non existing resourceDirectory C:\Users\ssindhuja\Desktop\javafsd\Junitdemos\S01JunitDemos\src\main\resources
2023-04-05 20:24:37,582 [Worker-46: Building] INFO  o.e.m.c.i.embedder.EclipseLogger - Using 'UTF-8' encoding to copy filtered resources.
2023-04-05 20:24:37,582 [Worker-46: Building] INFO  o.e.m.c.i.embedder.EclipseLogger - skip non existing resourceDirectory C:\Users\ssindhuja\Desktop\javafsd\Junitdemos\S01JunitDemos\src\test\resources
2023-04-05 20:25:22,235 [Worker-46: Building] INFO  o.e.m.c.i.embedder.EclipseLogger - Using 'UTF-8' encoding to copy filtered resources.
2023-04-05 20:25:22,235 [Worker-46: Building] INFO  o.e.m.c.i.embedder.EclipseLogger - skip non existing resourceDirectory C:\Users\ssindhuja\Desktop\javafsd\Junitdemos\S01JunitDemos\src\main\resources
2023-04-05 20:25:22,237 [Worker-46: Building] INFO  o.e.m.c.i.embedder.EclipseLogger - Using 'UTF-8' encoding to copy filtered resources.
2023-04-05 20:25:22,237 [Worker-46: Building] INFO  o.e.m.c.i.embedder.EclipseLogger - skip non existing resourceDirectory C:\Users\ssindhuja\Desktop\javafsd\Junitdemos\S01JunitDemos\src\test\resources
2023-04-05 21:10:30,933 [Worker-44: Building] INFO  o.e.m.c.i.embedder.EclipseLogger - Using 'UTF-8' encoding to copy filtered resources.
2023-04-05 21:10:30,933 [Worker-44: Building] INFO  o.e.m.c.i.embedder.EclipseLogger - skip non existing resourceDirectory C:\Users\ssindhuja\Desktop\javafsd\Junitdemos\S01JunitDemos\src\main\resources
2023-04-05 21:10:30,935 [Worker-44: Building] INFO  o.e.m.c.i.embedder.EclipseLogger - Using 'UTF-8' encoding to copy filtered resources.
2023-04-05 21:10:30,935 [Worker-44: Building] INFO  o.e.m.c.i.embedder.EclipseLogger - skip non existing resourceDirectory C:\Users\ssindhuja\Desktop\javafsd\Junitdemos\S01JunitDemos\src\test\resources
2023-04-05 21:11:45,564 [Worker-48: Building] INFO  o.e.m.c.i.embedder.EclipseLogger - Using 'UTF-8' encoding to copy filtered resources.
2023-04-05 21:11:45,565 [Worker-48: Building] INFO  o.e.m.c.i.embedder.EclipseLogger - skip non existing resourceDirectory C:\Users\ssindhuja\Desktop\javafsd\Junitdemos\S01JunitDemos\src\main\resources
2023-04-05 21:11:45,566 [Worker-48: Building] INFO  o.e.m.c.i.embedder.EclipseLogger - Using 'UTF-8' encoding to copy filtered resources.
2023-04-05 21:11:45,567 [Worker-48: Building] INFO  o.e.m.c.i.embedder.EclipseLogger - skip non existing resourceDirectory C:\Users\ssindhuja\Desktop\javafsd\Junitdemos\S01JunitDemos\src\test\resources
2023-04-05 21:11:57,240 [Worker-49: Building] INFO  o.e.m.c.i.embedder.EclipseLogger - Using 'UTF-8' encoding to copy filtered resources.
2023-04-05 21:11:57,240 [Worker-49: Building] INFO  o.e.m.c.i.embedder.EclipseLogger - skip non existing resourceDirectory C:\Users\ssindhuja\Desktop\javafsd\Junitdemos\S01JunitDemos\src\main\resources
2023-04-05 21:11:57,243 [Worker-49: Building] INFO  o.e.m.c.i.embedder.EclipseLogger - Using 'UTF-8' encoding to copy filtered resources.
2023-04-05 21:11:57,244 [Worker-49: Building] INFO  o.e.m.c.i.embedder.EclipseLogger - skip non existing resourceDirectory C:\Users\ssindhuja\Desktop\javafsd\Junitdemos\S01JunitDemos\src\test\resources
2023-04-05 21:12:23,341 [Worker-48: Building] INFO  o.e.m.c.i.embedder.EclipseLogger - Using 'UTF-8' encoding to copy filtered resources.
2023-04-05 21:12:23,341 [Worker-48: Building] INFO  o.e.m.c.i.embedder.EclipseLogger - skip non existing resourceDirectory C:\Users\ssindhuja\Desktop\javafsd\Junitdemos\S01JunitDemos\src\main\resources
2023-04-05 21:12:23,344 [Worker-48: Building] INFO  o.e.m.c.i.embedder.EclipseLogger - Using 'UTF-8' encoding to copy filtered resources.
2023-04-05 21:12:23,344 [Worker-48: Building] INFO  o.e.m.c.i.embedder.EclipseLogger - skip non existing resourceDirectory C:\Users\ssindhuja\Desktop\javafsd\Junitdemos\S01JunitDemos\src\test\resources
2023-04-05 21:56:23,877 [Worker-1: Loading available Gradle versions] INFO  o.e.b.c.i.u.g.PublishedGradleVersions - Gradle version information cache is up-to-date. Trying to read.
2023-04-06 22:01:36,038 [Worker-0: Loading available Gradle versions] INFO  o.e.b.c.i.u.g.PublishedGradleVersions - Gradle version information cache is out-of-date. Trying to update.
